<?xml version="1.0" encoding="UTF-8" ?>
<testsuite tests="8" failures="8" name="testing.CalculatorTest" time="0.019" errors="0" skipped="0">
  <properties>
[...]
</properties>
  <testcase classname="testing.CalculatorTest" name="testing.CalculatorTest.testGreaterThanTwoCondition" time="0.002">
    <failure type="java.lang.NullPointerException">java.lang.NullPointerException
	at testing.CalculatorTest.testGreaterThanTwoCondition(CalculatorTest.java:70)
</failure>
  </testcase>
  <testcase classname="testing.CalculatorTest" name="testing.CalculatorTest.testAddBothNegative" time="0">
    <failure type="java.lang.NullPointerException">java.lang.NullPointerException
	at testing.CalculatorTest.testAddBothNegative(CalculatorTest.java:41)
</failure>
  </testcase>
  <testcase classname="testing.CalculatorTest" name="testing.CalculatorTest.testDivideSmallerNumerator" time="0">
    <failure type="java.lang.NullPointerException">java.lang.NullPointerException
	at testing.CalculatorTest.testDivideSmallerNumerator(CalculatorTest.java:64)
</failure>
  </testcase>
  <testcase classname="testing.CalculatorTest" name="testing.CalculatorTest.testDivideDenominatorIsZero" time="0.016">
    <failure message="expected: &lt;java.lang.ArithmeticException&gt; but was: &lt;java.lang.NullPointerException&gt;" type="org.opentest4j.AssertionFailedError">org.opentest4j.AssertionFailedError: expected: &lt;java.lang.ArithmeticException&gt; but was: &lt;java.lang.NullPointerException&gt;
	at org.junit.jupiter.api.AssertionUtils.fail(AssertionUtils.java:55)
	at org.junit.jupiter.api.AssertEquals.failNotEqual(AssertEquals.java:195)
	at org.junit.jupiter.api.AssertEquals.assertEquals(AssertEquals.java:184)
	at org.junit.jupiter.api.AssertEquals.assertEquals(AssertEquals.java:179)
	at org.junit.jupiter.api.Assertions.assertEquals(Assertions.java:1124)
	at testing.CalculatorTest.testDivideDenominatorIsZero(CalculatorTest.java:57)
</failure>
  </testcase>
  <testcase classname="testing.CalculatorTest" name="testing.CalculatorTest.testAdd" time="0">
    <failure type="java.lang.NullPointerException">java.lang.NullPointerException
	at testing.CalculatorTest.testAdd(CalculatorTest.java:22)
</failure>
  </testcase>
  <testcase classname="testing.CalculatorTest" name="testing.CalculatorTest.testAddFloat" time="0">
    <failure type="java.lang.NullPointerException">java.lang.NullPointerException
	at testing.CalculatorTest.testAddFloat(CalculatorTest.java:28)
</failure>
  </testcase>
  <testcase classname="testing.CalculatorTest" name="testing.CalculatorTest.testAddNegative" time="0">
    <failure type="java.lang.NullPointerException">java.lang.NullPointerException
	at testing.CalculatorTest.testAddNegative(CalculatorTest.java:35)
</failure>
  </testcase>
  <testcase classname="testing.CalculatorTest" name="testing.CalculatorTest.testDivide" time="0.001">
    <failure type="java.lang.NullPointerException">java.lang.NullPointerException
	at testing.CalculatorTest.testDivide(CalculatorTest.java:47)
</failure>
  </testcase>
</testsuite>