<?xml version="1.0" encoding="UTF-8" ?>
<testsuite tests="8" failures="8" name="testing.CalculatorTest" time="0.019" errors="0" skipped="0">
  <properties>
    <property name="java.runtime.name" value="Java(TM) SE Runtime Environment"/>
    <property name="java.vm.version" value="11.0.12+8-LTS-237"/>
    <property name="sun.boot.library.path" value="C:\Program Files\Java\jdk-11.0.12\bin"/>
    <property name="maven.multiModuleProjectDirectory" value="C:/eclipse_workspace/testing"/>
    <property name="java.vm.vendor" value="Oracle Corporation"/>
    <property name="java.vendor.url" value="https://openjdk.java.net/"/>
    <property name="guice.disable.misplaced.annotation.check" value="true"/>
    <property name="path.separator" value=";"/>
    <property name="java.vm.name" value="Java HotSpot(TM) 64-Bit Server VM"/>
    <property name="sun.os.patch.level" value=""/>
    <property name="user.script" value=""/>
    <property name="user.country" value="US"/>
    <property name="sun.java.launcher" value="SUN_STANDARD"/>
    <property name="java.vm.specification.name" value="Java Virtual Machine Specification"/>
    <property name="user.dir" value="C:\eclipse_workspace\testing"/>
    <property name="java.vm.compressedOopsMode" value="Zero based"/>
    <property name="java.runtime.version" value="11.0.12+8-LTS-237"/>
    <property name="java.awt.graphicsenv" value="sun.awt.Win32GraphicsEnvironment"/>
    <property name="os.arch" value="amd64"/>
    <property name="java.io.tmpdir" value="C:\Users\labuser\AppData\Local\Temp\2\"/>
    <property name="line.separator" value="
"/>
    <property name="java.vm.specification.vendor" value="Oracle Corporation"/>
    <property name="user.variant" value=""/>
    <property name="os.name" value="Windows Server 2019"/>
    <property name="classworlds.conf" value="C:/apache-maven-3.8.1/bin/m2.conf"/>
    <property name="sun.jnu.encoding" value="Cp1252"/>
    <property name="java.library.path" value="C:\Program Files\Java\jdk-11.0.12\bin;C:\Windows\Sun\Java\bin;C:\Windows\system32;C:\Windows;C:\Users\labuser\bin;C:\Program Files\Git\mingw64\bin;C:\Program Files\Git\usr\local\bin;C:\Program Files\Git\usr\bin;C:\Program Files\Git\usr\bin;C:\Program Files\Git\mingw64\bin;C:\Program Files\Git\usr\bin;C:\Users\labuser\bin;C:\Program Files\Common Files\Oracle\Java\javapath;C:\Windows\system32;C:\Windows;C:\Windows\System32\Wbem;C:\Windows\System32\WindowsPowerShell\v1.0;C:\Windows\System32\OpenSSH;C:\Program Files\Docker\Docker\resources\bin;C:\ProgramData\DockerDesktop\version-bin;C:\apache-maven-3.8.1\bin;C:\Program Files\Git\cmd;C:\Program Files\Microsoft VS Code\bin;C:\spring\spring-1.3.0.M1\bin;C:\Program Files\nodejs;C:\Users\labuser\AppData\Local\Microsoft\WindowsApps;C:\Users\labuser\AppData\Roaming\npm;C:\Program Files\Git\usr\bin\vendor_perl;C:\Program Files\Git\usr\bin\core_perl;."/>
    <property name="maven.conf" value="C:/apache-maven-3.8.1/conf"/>
    <property name="jdk.debug" value="release"/>
    <property name="java.class.version" value="55.0"/>
    <property name="java.specification.name" value="Java Platform API Specification"/>
    <property name="sun.management.compiler" value="HotSpot 64-Bit Tiered Compilers"/>
    <property name="os.version" value="10.0"/>
    <property name="library.jansi.path" value="C:/apache-maven-3.8.1/lib/jansi-native"/>
    <property name="user.home" value="C:\Users\labuser"/>
    <property name="user.timezone" value="UTC"/>
    <property name="java.awt.printerjob" value="sun.awt.windows.WPrinterJob"/>
    <property name="file.encoding" value="Cp1252"/>
    <property name="java.specification.version" value="11"/>
    <property name="user.name" value="labuser"/>
    <property name="java.class.path" value="C:/apache-maven-3.8.1/boot/plexus-classworlds-2.6.0.jar"/>
    <property name="java.vm.specification.version" value="11"/>
    <property name="sun.arch.data.model" value="64"/>
    <property name="sun.java.command" value="org.codehaus.plexus.classworlds.launcher.Launcher test"/>
    <property name="java.home" value="C:\Program Files\Java\jdk-11.0.12"/>
    <property name="user.language" value="en"/>
    <property name="java.specification.vendor" value="Oracle Corporation"/>
    <property name="awt.toolkit" value="sun.awt.windows.WToolkit"/>
    <property name="java.vm.info" value="mixed mode"/>
    <property name="java.version" value="11.0.12"/>
    <property name="java.vendor" value="Oracle Corporation"/>
    <property name="maven.home" value="C:\apache-maven-3.8.1"/>
    <property name="file.separator" value="\"/>
    <property name="java.version.date" value="2021-07-20"/>
    <property name="java.vendor.url.bug" value="https://bugreport.java.com/bugreport/"/>
    <property name="sun.io.unicode.encoding" value="UnicodeLittle"/>
    <property name="sun.cpu.endian" value="little"/>
    <property name="java.vendor.version" value="18.9"/>
    <property name="sun.desktop" value="windows"/>
    <property name="sun.cpu.isalist" value="amd64"/>
  </properties>
  <testcase classname="testing.CalculatorTest" name="testing.CalculatorTest.testGreaterThanTwoCondition" time="0.002">
    <failure type="java.lang.NullPointerException">java.lang.NullPointerException
	at testing.CalculatorTest.testGreaterThanTwoCondition(CalculatorTest.java:70)
</failure>
  </testcase>
  <testcase classname="testing.CalculatorTest" name="testing.CalculatorTest.testAddBothNegative" time="0">
    <failure type="java.lang.NullPointerException">java.lang.NullPointerException
	at testing.CalculatorTest.testAddBothNegative(CalculatorTest.java:41)
</failure>
  </testcase>
  <testcase classname="testing.CalculatorTest" name="testing.CalculatorTest.testDivideSmallerNumerator" time="0">
    <failure type="java.lang.NullPointerException">java.lang.NullPointerException
	at testing.CalculatorTest.testDivideSmallerNumerator(CalculatorTest.java:64)
</failure>
  </testcase>
  <testcase classname="testing.CalculatorTest" name="testing.CalculatorTest.testDivideDenominatorIsZero" time="0.016">
    <failure message="expected: &lt;java.lang.ArithmeticException&gt; but was: &lt;java.lang.NullPointerException&gt;" type="org.opentest4j.AssertionFailedError">org.opentest4j.AssertionFailedError: expected: &lt;java.lang.ArithmeticException&gt; but was: &lt;java.lang.NullPointerException&gt;
	at org.junit.jupiter.api.AssertionUtils.fail(AssertionUtils.java:55)
	at org.junit.jupiter.api.AssertEquals.failNotEqual(AssertEquals.java:195)
	at org.junit.jupiter.api.AssertEquals.assertEquals(AssertEquals.java:184)
	at org.junit.jupiter.api.AssertEquals.assertEquals(AssertEquals.java:179)
	at org.junit.jupiter.api.Assertions.assertEquals(Assertions.java:1124)
	at testing.CalculatorTest.testDivideDenominatorIsZero(CalculatorTest.java:57)
</failure>
  </testcase>
  <testcase classname="testing.CalculatorTest" name="testing.CalculatorTest.testAdd" time="0">
    <failure type="java.lang.NullPointerException">java.lang.NullPointerException
	at testing.CalculatorTest.testAdd(CalculatorTest.java:22)
</failure>
  </testcase>
  <testcase classname="testing.CalculatorTest" name="testing.CalculatorTest.testAddFloat" time="0">
    <failure type="java.lang.NullPointerException">java.lang.NullPointerException
	at testing.CalculatorTest.testAddFloat(CalculatorTest.java:28)
</failure>
  </testcase>
  <testcase classname="testing.CalculatorTest" name="testing.CalculatorTest.testAddNegative" time="0">
    <failure type="java.lang.NullPointerException">java.lang.NullPointerException
	at testing.CalculatorTest.testAddNegative(CalculatorTest.java:35)
</failure>
  </testcase>
  <testcase classname="testing.CalculatorTest" name="testing.CalculatorTest.testDivide" time="0.001">
    <failure type="java.lang.NullPointerException">java.lang.NullPointerException
	at testing.CalculatorTest.testDivide(CalculatorTest.java:47)
</failure>
  </testcase>
</testsuite>